<?xml version="1.0" encoding="UTF-8"?>
<!-- Generated by org.testng.reporters.JUnitReportReporter -->
<testsuite hostname="PSL180" failures="0" tests="4" name="ui.GroupDemo" time="0.009" errors="0" timestamp="2024-02-16T14:58:29 IST" skipped="0">
  <testcase classname="ui.GroupDemo" name="test4" time="0.006"/>
  <system-out/>
  <testcase classname="ui.GroupDemo" name="test1" time="0.001"/>
  <system-out/>
  <testcase classname="ui.GroupDemo" name="test2" time="0.001"/>
  <system-out/>
  <testcase classname="ui.GroupDemo" name="test3" time="0.001"/>
  <system-out/>
</testsuite> <!-- ui.GroupDemo -->
