<?xml version="1.0" encoding="UTF-8"?>
<!-- Generated by org.testng.reporters.JUnitReportReporter -->
<testsuite hostname="PSL180" failures="0" tests="1" name="testcase.TestTCase" time="0.006" errors="0" timestamp="2024-02-22T15:30:45 IST" skipped="0">
  <testcase classname="testcase.TestTCase" name="testcaseMethod" time="0.006"/>
</testsuite> <!-- testcase.TestTCase -->
