<?xml version="1.0" encoding="UTF-8"?>
<!-- Generated by org.testng.reporters.JUnitReportReporter -->
<testsuite hostname="PSL180" failures="0" tests="4" name="testcase.DemoLogin" time="9.185" errors="0" timestamp="2024-02-22T15:42:42 IST" skipped="0">
  <testcase classname="testcase.DemoLogin" name="testLogin" time="5.203"/>
  <testcase classname="testcase.DemoLogin" name="testLogin" time="3.567"/>
  <testcase classname="testcase.DemoLogin" name="testLogin" time="0.265"/>
  <testcase classname="testcase.DemoLogin" name="testLogin" time="0.150"/>
</testsuite> <!-- testcase.DemoLogin -->
