<?xml version="1.0" encoding="UTF-8"?>
<!-- Generated by org.testng.reporters.JUnitReportReporter -->
<testsuite hostname="PSL180" failures="0" tests="8" name="ui.DataProviderDemo" time="0.010" errors="0" timestamp="2024-02-19T10:57:42 IST" skipped="0">
  <testcase classname="ui.DataProviderDemo" name="test1" time="0.000"/>
  <system-out/>
  <testcase classname="ui.DataProviderDemo" name="test2" time="0.001"/>
  <system-out/>
  <testcase classname="ui.DataProviderDemo" name="test2" time="0.001"/>
  <system-out/>
  <testcase classname="ui.DataProviderDemo" name="test1" time="0.001"/>
  <system-out/>
  <testcase classname="ui.DataProviderDemo" name="test2" time="0.000"/>
  <system-out/>
  <testcase classname="ui.DataProviderDemo" name="test2" time="0.001"/>
  <system-out/>
  <testcase classname="ui.DataProviderDemo" name="test1" time="0.005"/>
  <system-out/>
  <testcase classname="ui.DataProviderDemo" name="test1" time="0.001"/>
  <system-out/>
</testsuite> <!-- ui.DataProviderDemo -->
