<?xml version="1.0" encoding="UTF-8"?>
<!-- Generated by org.testng.reporters.JUnitReportReporter -->
<testsuite hostname="PSL180" failures="0" tests="1" name="ui.VerifyTitle" time="4.654" errors="0" timestamp="2024-02-16T11:37:57 IST" skipped="0">
  <testcase classname="ui.VerifyTitle" name="title" time="4.654"/>
  <system-out/>
</testsuite> <!-- ui.VerifyTitle -->
