<?xml version="1.0" encoding="UTF-8"?>
<!-- Generated by org.testng.reporters.JUnitReportReporter -->
<testsuite hostname="PSL180" failures="0" tests="4" name="testcase.PTLogin" time="9.934" errors="0" timestamp="2024-02-22T16:36:53 IST" skipped="0">
  <testcase classname="testcase.PTLogin" name="testLogin" time="0.307"/>
  <testcase classname="testcase.PTLogin" name="testLogin" time="3.857"/>
  <testcase classname="testcase.PTLogin" name="testLogin" time="5.248"/>
  <testcase classname="testcase.PTLogin" name="testLogin" time="0.522"/>
</testsuite> <!-- testcase.PTLogin -->
