<?xml version="1.0" encoding="UTF-8"?>
<!-- Generated by org.testng.reporters.JUnitReportReporter -->
<testsuite hostname="PSL180" failures="0" tests="2" name="ui.Login" time="0.006" errors="0" timestamp="2024-02-16T11:07:30 IST" skipped="0">
  <testcase classname="ui.Login" name="test1" time="0.005"/>
  <system-out/>
  <testcase classname="ui.Login" name="test2" time="0.001"/>
  <system-out/>
</testsuite> <!-- ui.Login -->
