<?xml version="1.0" encoding="UTF-8"?>
<!-- Generated by org.testng.reporters.JUnitReportReporter -->
<testsuite hostname="PSL180" failures="0" tests="4" name="testcase.PTDemoLogin" time="10.798" errors="0" timestamp="2024-02-22T15:40:07 IST" skipped="0">
  <testcase classname="testcase.PTDemoLogin" name="testLogin" time="5.202"/>
  <testcase classname="testcase.PTDemoLogin" name="testLogin" time="5.177"/>
  <testcase classname="testcase.PTDemoLogin" name="testLogin" time="0.161"/>
  <testcase classname="testcase.PTDemoLogin" name="testLogin" time="0.258"/>
</testsuite> <!-- testcase.PTDemoLogin -->
